<?xml version="1.0" encoding="UTF-8"?>
<!-- Generated by org.testng.reporters.JUnitReportReporter -->
<testsuite skipped="0" hostname="Manju" name="com.tutorialninja.AppTest" tests="1" failures="0" timestamp="2023-05-09T13:51:06 BST" time="0.001" errors="0">
  <testcase name="testApp" time="0.001" classname="com.tutorialninja.AppTest"/>
  <system-out/>
</testsuite> <!-- com.tutorialninja.AppTest -->
